2024-08-23 08:51:40,739 INFO autoreload Watching for file changes with StatReloader
2024-08-23 08:51:46,392 INFO autoreload G:\Python_projects\SkillFactory\SkillFactory_NewsPaper\news_paper\news_paper\settings.py changed, reloading.
2024-08-23 08:51:50,013 INFO autoreload Watching for file changes with StatReloader
2024-08-23 08:51:50,299 ERROR exception Invalid HTTP_HOST header: '127.0.0.1:8005'. You may need to add '127.0.0.1' to ALLOWED_HOSTS.
Traceback (most recent call last):
  File "G:\Python_projects\SkillFactory\SkillFactory_NewsPaper\.venv\Lib\site-packages\django\core\handlers\exception.py", line 55, in inner
    response = get_response(request)
               ^^^^^^^^^^^^^^^^^^^^^
  File "G:\Python_projects\SkillFactory\SkillFactory_NewsPaper\.venv\Lib\site-packages\django\utils\deprecation.py", line 128, in __call__
    response = self.process_request(request)
               ^^^^^^^^^^^^^^^^^^^^^^^^^^^^^
  File "G:\Python_projects\SkillFactory\SkillFactory_NewsPaper\.venv\Lib\site-packages\django\middleware\common.py", line 48, in process_request
    host = request.get_host()
           ^^^^^^^^^^^^^^^^^^
  File "G:\Python_projects\SkillFactory\SkillFactory_NewsPaper\.venv\Lib\site-packages\django\http\request.py", line 151, in get_host
    raise DisallowedHost(msg)
django.core.exceptions.DisallowedHost: Invalid HTTP_HOST header: '127.0.0.1:8005'. You may need to add '127.0.0.1' to ALLOWED_HOSTS.
2024-08-23 08:51:50,487 WARNING basehttp "GET /news/ HTTP/1.1" 400 143
2024-08-23 08:51:57,701 ERROR exception Invalid HTTP_HOST header: '127.0.0.1:8005'. You may need to add '127.0.0.1' to ALLOWED_HOSTS.
Traceback (most recent call last):
  File "G:\Python_projects\SkillFactory\SkillFactory_NewsPaper\.venv\Lib\site-packages\django\core\handlers\exception.py", line 55, in inner
    response = get_response(request)
               ^^^^^^^^^^^^^^^^^^^^^
  File "G:\Python_projects\SkillFactory\SkillFactory_NewsPaper\.venv\Lib\site-packages\django\utils\deprecation.py", line 128, in __call__
    response = self.process_request(request)
               ^^^^^^^^^^^^^^^^^^^^^^^^^^^^^
  File "G:\Python_projects\SkillFactory\SkillFactory_NewsPaper\.venv\Lib\site-packages\django\middleware\common.py", line 48, in process_request
    host = request.get_host()
           ^^^^^^^^^^^^^^^^^^
  File "G:\Python_projects\SkillFactory\SkillFactory_NewsPaper\.venv\Lib\site-packages\django\http\request.py", line 151, in get_host
    raise DisallowedHost(msg)
django.core.exceptions.DisallowedHost: Invalid HTTP_HOST header: '127.0.0.1:8005'. You may need to add '127.0.0.1' to ALLOWED_HOSTS.
2024-08-23 08:51:57,703 WARNING basehttp "GET /news/ HTTP/1.1" 400 143
2024-08-23 08:52:04,941 ERROR exception Invalid HTTP_HOST header: '127.0.0.1:8005'. You may need to add '127.0.0.1' to ALLOWED_HOSTS.
Traceback (most recent call last):
  File "G:\Python_projects\SkillFactory\SkillFactory_NewsPaper\.venv\Lib\site-packages\django\core\handlers\exception.py", line 55, in inner
    response = get_response(request)
               ^^^^^^^^^^^^^^^^^^^^^
  File "G:\Python_projects\SkillFactory\SkillFactory_NewsPaper\.venv\Lib\site-packages\django\utils\deprecation.py", line 128, in __call__
    response = self.process_request(request)
               ^^^^^^^^^^^^^^^^^^^^^^^^^^^^^
  File "G:\Python_projects\SkillFactory\SkillFactory_NewsPaper\.venv\Lib\site-packages\django\middleware\common.py", line 48, in process_request
    host = request.get_host()
           ^^^^^^^^^^^^^^^^^^
  File "G:\Python_projects\SkillFactory\SkillFactory_NewsPaper\.venv\Lib\site-packages\django\http\request.py", line 151, in get_host
    raise DisallowedHost(msg)
django.core.exceptions.DisallowedHost: Invalid HTTP_HOST header: '127.0.0.1:8005'. You may need to add '127.0.0.1' to ALLOWED_HOSTS.
2024-08-23 08:52:04,944 WARNING basehttp "GET / HTTP/1.1" 400 143
2024-08-23 08:53:23,971 INFO autoreload G:\Python_projects\SkillFactory\SkillFactory_NewsPaper\news_paper\news_paper\settings.py changed, reloading.
2024-08-23 08:53:29,130 INFO autoreload Watching for file changes with StatReloader
2024-08-23 08:53:29,648 INFO basehttp "GET / HTTP/1.1" 200 337
2024-08-23 08:53:34,116 INFO basehttp "GET /news/ HTTP/1.1" 200 7164
2024-08-23 08:53:52,793 INFO basehttp "GET /news/95 HTTP/1.1" 200 875
2024-08-23 08:53:53,167 INFO autoreload G:\Python_projects\SkillFactory\SkillFactory_NewsPaper\news_paper\news_paper\settings.py changed, reloading.
2024-08-23 08:53:56,108 INFO autoreload Watching for file changes with StatReloader
2024-08-23 08:54:21,597 INFO basehttp "GET /news/ HTTP/1.1" 200 7164
2024-08-23 08:54:25,078 INFO basehttp "GET /news/create/ HTTP/1.1" 200 1461
2024-08-23 08:57:31,515 INFO basehttp "POST /news/create/ HTTP/1.1" 302 0
2024-08-23 08:57:31,533 INFO basehttp "GET /news/96 HTTP/1.1" 200 919
2024-08-23 08:58:48,324 INFO basehttp "GET /news/96/edit/ HTTP/1.1" 200 1890
2024-08-23 08:59:43,914 INFO basehttp "POST /news/96/edit/ HTTP/1.1" 302 0
2024-08-23 08:59:43,933 INFO basehttp "GET /news/96 HTTP/1.1" 200 1106
2024-08-23 09:07:55,043 INFO basehttp "GET /news/ HTTP/1.1" 200 7377
2024-08-23 09:08:01,872 INFO basehttp "GET /news/category/1 HTTP/1.1" 200 6813
2024-08-23 09:08:18,595 INFO basehttp "GET /news/category/1/subscribe HTTP/1.1" 200 309
2024-08-23 09:08:25,427 INFO basehttp "GET /news/ HTTP/1.1" 200 7377
2024-08-23 09:28:27,705 INFO autoreload G:\Python_projects\SkillFactory\SkillFactory_NewsPaper\news_paper\news_paper\settings.py changed, reloading.
2024-08-23 09:28:31,237 INFO autoreload Watching for file changes with StatReloader
2024-08-23 09:28:36,111 INFO autoreload G:\Python_projects\SkillFactory\SkillFactory_NewsPaper\news_paper\news_paper\settings.py changed, reloading.
2024-08-23 09:28:41,095 INFO autoreload Watching for file changes with StatReloader
2024-08-23 09:29:51,479 INFO autoreload G:\Python_projects\SkillFactory\SkillFactory_NewsPaper\news_paper\news_paper\settings.py changed, reloading.
2024-08-23 09:29:54,217 INFO autoreload Watching for file changes with StatReloader
2024-08-23 09:31:38,556 INFO autoreload G:\Python_projects\SkillFactory\SkillFactory_NewsPaper\news_paper\news_paper\settings.py changed, reloading.
2024-08-23 09:31:43,335 INFO autoreload Watching for file changes with StatReloader
